# JRE version: Java(TM) SE Runtime Environment (8.0_111-b14) (build 1.8.0_111-b14)
# Java VM: Java HotSpot(TM) Client VM (25.111-b14 mixed mode windows-x86 )
Heap:
 def new generation   total 7872K, used 831K [0x03c00000, 0x04480000, 0x19150000)
  eden space 7040K,   0% used [0x03c00000, 0x03c00000, 0x042e0000)
  from space 832K,  99% used [0x042e0000, 0x043afff8, 0x043b0000)
  to   space 832K,   0% used [0x043b0000, 0x043b0000, 0x04480000)
 tenured generation   total 17552K, used 17522K [0x19150000, 0x1a274000, 0x43c00000)
   the space 17552K,  99% used [0x19150000, 0x1a26ca18, 0x1a26cc00, 0x1a274000)
 Metaspace       used 3513K, capacity 3526K, committed 3648K, reserved 4480K
GC Heap History (10 events):
Event: 1.460 GC heap after
Heap after GC invocations=20 (full 1):
 def new generation   total 7872K, used 831K [0x03c00000, 0x04480000, 0x19150000)
  eden space 7040K,   0% used [0x03c00000, 0x03c00000, 0x042e0000)
  from space 832K,  99% used [0x043b0000, 0x0447fff8, 0x04480000)
  to   space 832K,   0% used [0x042e0000, 0x042e0000, 0x043b0000)
 tenured generation   total 17296K, used 13238K [0x19150000, 0x1a234000, 0x43c00000)
   the space 17296K,  76% used [0x19150000, 0x19e3d928, 0x19e3da00, 0x1a234000)
 Metaspace       used 3509K, capacity 3526K, committed 3648K, reserved 4480K
}
Event: 1.505 GC heap before
{Heap before GC invocations=20 (full 1):
 def new generation   total 7872K, used 7871K [0x03c00000, 0x04480000, 0x19150000)
  eden space 7040K, 100% used [0x03c00000, 0x042e0000, 0x042e0000)
  from space 832K,  99% used [0x043b0000, 0x0447fff8, 0x04480000)
  to   space 832K,   0% used [0x042e0000, 0x042e0000, 0x043b0000)
 tenured generation   total 17296K, used 13238K [0x19150000, 0x1a234000, 0x43c00000)
   the space 17296K,  76% used [0x19150000, 0x19e3d928, 0x19e3da00, 0x1a234000)
 Metaspace       used 3509K, capacity 3526K, committed 3648K, reserved 4480K
Event: 1.510 GC heap after
Heap after GC invocations=21 (full 1):
 def new generation   total 7872K, used 832K [0x03c00000, 0x04480000, 0x19150000)
  eden space 7040K,   0% used [0x03c00000, 0x03c00000, 0x042e0000)
  from space 832K, 100% used [0x042e0000, 0x043b0000, 0x043b0000)
  to   space 832K,   0% used [0x043b0000, 0x043b0000, 0x04480000)
 tenured generation   total 17296K, used 13833K [0x19150000, 0x1a234000, 0x43c00000)
   the space 17296K,  79% used [0x19150000, 0x19ed25e8, 0x19ed2600, 0x1a234000)
 Metaspace       used 3509K, capacity 3526K, committed 3648K, reserved 4480K
}
Event: 1.540 GC heap before
{Heap before GC invocations=21 (full 1):
 def new generation   total 7872K, used 7872K [0x03c00000, 0x04480000, 0x19150000)
  eden space 7040K, 100% used [0x03c00000, 0x042e0000, 0x042e0000)
  from space 832K, 100% used [0x042e0000, 0x043b0000, 0x043b0000)
  to   space 832K,   0% used [0x043b0000, 0x043b0000, 0x04480000)
 tenured generation   total 17296K, used 13833K [0x19150000, 0x1a234000, 0x43c00000)
   the space 17296K,  79% used [0x19150000, 0x19ed25e8, 0x19ed2600, 0x1a234000)
 Metaspace       used 3513K, capacity 3526K, committed 3648K, reserved 4480K
Event: 1.548 GC heap after
Heap after GC invocations=22 (full 1):
 def new generation   total 7872K, used 832K [0x03c00000, 0x04480000, 0x19150000)
  eden space 7040K,   0% used [0x03c00000, 0x03c00000, 0x042e0000)
  from space 832K, 100% used [0x043b0000, 0x04480000, 0x04480000)
  to   space 832K,   0% used [0x042e0000, 0x042e0000, 0x043b0000)
 tenured generation   total 17296K, used 15128K [0x19150000, 0x1a234000, 0x43c00000)
   the space 17296K,  87% used [0x19150000, 0x1a0161c8, 0x1a016200, 0x1a234000)
 Metaspace       used 3513K, capacity 3526K, committed 3648K, reserved 4480K
}
Event: 1.581 GC heap before
{Heap before GC invocations=22 (full 1):
 def new generation   total 7872K, used 7872K [0x03c00000, 0x04480000, 0x19150000)
  eden space 7040K, 100% used [0x03c00000, 0x042e0000, 0x042e0000)
  from space 832K, 100% used [0x043b0000, 0x04480000, 0x04480000)
  to   space 832K,   0% used [0x042e0000, 0x042e0000, 0x043b0000)
 tenured generation   total 17296K, used 15128K [0x19150000, 0x1a234000, 0x43c00000)
   the space 17296K,  87% used [0x19150000, 0x1a0161c8, 0x1a016200, 0x1a234000)
 Metaspace       used 3513K, capacity 3526K, committed 3648K, reserved 4480K
Event: 1.587 GC heap after
Heap after GC invocations=23 (full 1):
 def new generation   total 7872K, used 831K [0x03c00000, 0x04480000, 0x19150000)
  eden space 7040K,   0% used [0x03c00000, 0x03c00000, 0x042e0000)
  from space 832K,  99% used [0x042e0000, 0x043afff8, 0x043b0000)
  to   space 832K,   0% used [0x043b0000, 0x043b0000, 0x04480000)
 tenured generation   total 17296K, used 15686K [0x19150000, 0x1a234000, 0x43c00000)
   the space 17296K,  90% used [0x19150000, 0x1a0a1850, 0x1a0a1a00, 0x1a234000)
 Metaspace       used 3513K, capacity 3526K, committed 3648K, reserved 4480K
}
Event: 1.614 GC heap before
{Heap before GC invocations=23 (full 1):
 def new generation   total 7872K, used 7871K [0x03c00000, 0x04480000, 0x19150000)
  eden space 7040K, 100% used [0x03c00000, 0x042e0000, 0x042e0000)
  from space 832K,  99% used [0x042e0000, 0x043afff8, 0x043b0000)
  to   space 832K,   0% used [0x043b0000, 0x043b0000, 0x04480000)
 tenured generation   total 17296K, used 15686K [0x19150000, 0x1a234000, 0x43c00000)
   the space 17296K,  90% used [0x19150000, 0x1a0a1850, 0x1a0a1a00, 0x1a234000)
 Metaspace       used 3513K, capacity 3526K, committed 3648K, reserved 4480K
Event: 1.620 GC heap after
Heap after GC invocations=24 (full 1):
 def new generation   total 7872K, used 832K [0x03c00000, 0x04480000, 0x19150000)
  eden space 7040K,   0% used [0x03c00000, 0x03c00000, 0x042e0000)
  from space 832K, 100% used [0x043b0000, 0x04480000, 0x04480000)
  to   space 832K,   0% used [0x042e0000, 0x042e0000, 0x043b0000)
 tenured generation   total 17296K, used 16507K [0x19150000, 0x1a234000, 0x43c00000)
   the space 17296K,  95% used [0x19150000, 0x1a16eda0, 0x1a16ee00, 0x1a234000)
 Metaspace       used 3513K, capacity 3526K, committed 3648K, reserved 4480K
}
Event: 1.655 GC heap before
{Heap before GC invocations=24 (full 1):
 def new generation   total 7872K, used 7872K [0x03c00000, 0x04480000, 0x19150000)
  eden space 7040K, 100% used [0x03c00000, 0x042e0000, 0x042e0000)
  from space 832K, 100% used [0x043b0000, 0x04480000, 0x04480000)
  to   space 832K,   0% used [0x042e0000, 0x042e0000, 0x043b0000)
 tenured generation   total 17296K, used 16507K [0x19150000, 0x1a234000, 0x43c00000)
   the space 17296K,  95% used [0x19150000, 0x1a16eda0, 0x1a16ee00, 0x1a234000)
 Metaspace       used 3513K, capacity 3526K, committed 3648K, reserved 4480K

