# JRE version: Java(TM) SE Runtime Environment (8.0_111-b14) (build 1.8.0_111-b14)
# Java VM: Java HotSpot(TM) Client VM (25.111-b14 mixed mode windows-x86 )
Heap:
 def new generation   total 4928K, used 3328K [0x03c00000, 0x04150000, 0x19150000)
  eden space 4416K,  63% used [0x03c00000, 0x03ec03b8, 0x04050000)
  from space 512K, 100% used [0x04050000, 0x040d0000, 0x040d0000)
  to   space 512K,   0% used [0x040d0000, 0x040d0000, 0x04150000)
 tenured generation   total 10944K, used 4125K [0x19150000, 0x19c00000, 0x43c00000)
   the space 10944K,  37% used [0x19150000, 0x19557758, 0x19557800, 0x19c00000)
 Metaspace       used 3499K, capacity 3534K, committed 3648K, reserved 4480K
GC Heap History (8 events):
Event: 0.503 GC heap before
{Heap before GC invocations=0 (full 0):
 def new generation   total 4928K, used 4416K [0x03c00000, 0x04150000, 0x19150000)
  eden space 4416K, 100% used [0x03c00000, 0x04050000, 0x04050000)
  from space 512K,   0% used [0x04050000, 0x04050000, 0x040d0000)
  to   space 512K,   0% used [0x040d0000, 0x040d0000, 0x04150000)
 tenured generation   total 10944K, used 0K [0x19150000, 0x19c00000, 0x43c00000)
   the space 10944K,   0% used [0x19150000, 0x19150000, 0x19150200, 0x19c00000)
 Metaspace       used 2739K, capacity 2790K, committed 2880K, reserved 4480K
Event: 0.509 GC heap after
Heap after GC invocations=1 (full 0):
 def new generation   total 4928K, used 512K [0x03c00000, 0x04150000, 0x19150000)
  eden space 4416K,   0% used [0x03c00000, 0x03c00000, 0x04050000)
  from space 512K, 100% used [0x040d0000, 0x04150000, 0x04150000)
  to   space 512K,   0% used [0x04050000, 0x04050000, 0x040d0000)
 tenured generation   total 10944K, used 1175K [0x19150000, 0x19c00000, 0x43c00000)
   the space 10944K,  10% used [0x19150000, 0x19275f58, 0x19276000, 0x19c00000)
 Metaspace       used 2739K, capacity 2790K, committed 2880K, reserved 4480K
}
Event: 0.619 GC heap before
{Heap before GC invocations=1 (full 0):
 def new generation   total 4928K, used 4928K [0x03c00000, 0x04150000, 0x19150000)
  eden space 4416K, 100% used [0x03c00000, 0x04050000, 0x04050000)
  from space 512K, 100% used [0x040d0000, 0x04150000, 0x04150000)
  to   space 512K,   0% used [0x04050000, 0x04050000, 0x040d0000)
 tenured generation   total 10944K, used 1175K [0x19150000, 0x19c00000, 0x43c00000)
   the space 10944K,  10% used [0x19150000, 0x19275f58, 0x19276000, 0x19c00000)
 Metaspace       used 3455K, capacity 3494K, committed 3520K, reserved 4480K
Event: 0.625 GC heap after
Heap after GC invocations=2 (full 0):
 def new generation   total 4928K, used 512K [0x03c00000, 0x04150000, 0x19150000)
  eden space 4416K,   0% used [0x03c00000, 0x03c00000, 0x04050000)
  from space 512K, 100% used [0x04050000, 0x040d0000, 0x040d0000)
  to   space 512K,   0% used [0x040d0000, 0x040d0000, 0x04150000)
 tenured generation   total 10944K, used 2672K [0x19150000, 0x19c00000, 0x43c00000)
   the space 10944K,  24% used [0x19150000, 0x193ec360, 0x193ec400, 0x19c00000)
 Metaspace       used 3455K, capacity 3494K, committed 3520K, reserved 4480K
}
Event: 0.767 GC heap before
{Heap before GC invocations=2 (full 0):
 def new generation   total 4928K, used 4928K [0x03c00000, 0x04150000, 0x19150000)
  eden space 4416K, 100% used [0x03c00000, 0x04050000, 0x04050000)
  from space 512K, 100% used [0x04050000, 0x040d0000, 0x040d0000)
  to   space 512K,   0% used [0x040d0000, 0x040d0000, 0x04150000)
 tenured generation   total 10944K, used 2672K [0x19150000, 0x19c00000, 0x43c00000)
   the space 10944K,  24% used [0x19150000, 0x193ec360, 0x193ec400, 0x19c00000)
 Metaspace       used 3474K, capacity 3494K, committed 3520K, reserved 4480K
Event: 0.771 GC heap after
Heap after GC invocations=3 (full 0):
 def new generation   total 4928K, used 512K [0x03c00000, 0x04150000, 0x19150000)
  eden space 4416K,   0% used [0x03c00000, 0x03c00000, 0x04050000)
  from space 512K, 100% used [0x040d0000, 0x04150000, 0x04150000)
  to   space 512K,   0% used [0x04050000, 0x04050000, 0x040d0000)
 tenured generation   total 10944K, used 3301K [0x19150000, 0x19c00000, 0x43c00000)
   the space 10944K,  30% used [0x19150000, 0x194895c0, 0x19489600, 0x19c00000)
 Metaspace       used 3474K, capacity 3494K, committed 3520K, reserved 4480K
}
Event: 0.810 GC heap before
{Heap before GC invocations=3 (full 0):
 def new generation   total 4928K, used 4928K [0x03c00000, 0x04150000, 0x19150000)
  eden space 4416K, 100% used [0x03c00000, 0x04050000, 0x04050000)
  from space 512K, 100% used [0x040d0000, 0x04150000, 0x04150000)
  to   space 512K,   0% used [0x04050000, 0x04050000, 0x040d0000)
 tenured generation   total 10944K, used 3301K [0x19150000, 0x19c00000, 0x43c00000)
   the space 10944K,  30% used [0x19150000, 0x194895c0, 0x19489600, 0x19c00000)
 Metaspace       used 3499K, capacity 3534K, committed 3648K, reserved 4480K
Event: 0.815 GC heap after
Heap after GC invocations=4 (full 0):
 def new generation   total 4928K, used 512K [0x03c00000, 0x04150000, 0x19150000)
  eden space 4416K,   0% used [0x03c00000, 0x03c00000, 0x04050000)
  from space 512K, 100% used [0x04050000, 0x040d0000, 0x040d0000)
  to   space 512K,   0% used [0x040d0000, 0x040d0000, 0x04150000)
 tenured generation   total 10944K, used 4125K [0x19150000, 0x19c00000, 0x43c00000)
   the space 10944K,  37% used [0x19150000, 0x19557758, 0x19557800, 0x19c00000)
 Metaspace       used 3499K, capacity 3534K, committed 3648K, reserved 4480K
}

