# JRE version: Java(TM) SE Runtime Environment (8.0_111-b14) (build 1.8.0_111-b14)
# Java VM: Java HotSpot(TM) Client VM (25.111-b14 mixed mode windows-x86 )
Heap:
 def new generation   total 7680K, used 831K [0x03c00000, 0x04450000, 0x19150000)
  eden space 6848K,   0% used [0x03c00000, 0x03c00000, 0x042b0000)
  from space 832K,  99% used [0x04380000, 0x0444fff8, 0x04450000)
  to   space 832K,   0% used [0x042b0000, 0x042b0000, 0x04380000)
 tenured generation   total 16980K, used 16928K [0x19150000, 0x1a1e5000, 0x43c00000)
   the space 16980K,  99% used [0x19150000, 0x1a1d8388, 0x1a1d8400, 0x1a1e5000)
 Metaspace       used 3441K, capacity 3526K, committed 3648K, reserved 4480K
GC Heap History (10 events):
Event: 1.742 GC heap after
Heap after GC invocations=20 (full 1):
 def new generation   total 7680K, used 831K [0x03c00000, 0x04450000, 0x19150000)
  eden space 6848K,   0% used [0x03c00000, 0x03c00000, 0x042b0000)
  from space 832K,  99% used [0x042b0000, 0x0437fff8, 0x04380000)
  to   space 832K,   0% used [0x04380000, 0x04380000, 0x04450000)
 tenured generation   total 16852K, used 11434K [0x19150000, 0x1a1c5000, 0x43c00000)
   the space 16852K,  67% used [0x19150000, 0x19c7ab48, 0x19c7ac00, 0x1a1c5000)
 Metaspace       used 3441K, capacity 3526K, committed 3648K, reserved 4480K
}
Event: 1.822 GC heap before
{Heap before GC invocations=20 (full 1):
 def new generation   total 7680K, used 7679K [0x03c00000, 0x04450000, 0x19150000)
  eden space 6848K, 100% used [0x03c00000, 0x042b0000, 0x042b0000)
  from space 832K,  99% used [0x042b0000, 0x0437fff8, 0x04380000)
  to   space 832K,   0% used [0x04380000, 0x04380000, 0x04450000)
 tenured generation   total 16852K, used 11434K [0x19150000, 0x1a1c5000, 0x43c00000)
   the space 16852K,  67% used [0x19150000, 0x19c7ab48, 0x19c7ac00, 0x1a1c5000)
 Metaspace       used 3441K, capacity 3526K, committed 3648K, reserved 4480K
Event: 1.829 GC heap after
Heap after GC invocations=21 (full 1):
 def new generation   total 7680K, used 832K [0x03c00000, 0x04450000, 0x19150000)
  eden space 6848K,   0% used [0x03c00000, 0x03c00000, 0x042b0000)
  from space 832K, 100% used [0x04380000, 0x04450000, 0x04450000)
  to   space 832K,   0% used [0x042b0000, 0x042b0000, 0x04380000)
 tenured generation   total 16852K, used 12675K [0x19150000, 0x1a1c5000, 0x43c00000)
   the space 16852K,  75% used [0x19150000, 0x19db0d08, 0x19db0e00, 0x1a1c5000)
 Metaspace       used 3441K, capacity 3526K, committed 3648K, reserved 4480K
}
Event: 2.023 GC heap before
{Heap before GC invocations=21 (full 1):
 def new generation   total 7680K, used 7680K [0x03c00000, 0x04450000, 0x19150000)
  eden space 6848K, 100% used [0x03c00000, 0x042b0000, 0x042b0000)
  from space 832K, 100% used [0x04380000, 0x04450000, 0x04450000)
  to   space 832K,   0% used [0x042b0000, 0x042b0000, 0x04380000)
 tenured generation   total 16852K, used 12675K [0x19150000, 0x1a1c5000, 0x43c00000)
   the space 16852K,  75% used [0x19150000, 0x19db0d08, 0x19db0e00, 0x1a1c5000)
 Metaspace       used 3441K, capacity 3526K, committed 3648K, reserved 4480K
Event: 2.030 GC heap after
Heap after GC invocations=22 (full 1):
 def new generation   total 7680K, used 831K [0x03c00000, 0x04450000, 0x19150000)
  eden space 6848K,   0% used [0x03c00000, 0x03c00000, 0x042b0000)
  from space 832K,  99% used [0x042b0000, 0x0437fff8, 0x04380000)
  to   space 832K,   0% used [0x04380000, 0x04380000, 0x04450000)
 tenured generation   total 16852K, used 13714K [0x19150000, 0x1a1c5000, 0x43c00000)
   the space 16852K,  81% used [0x19150000, 0x19eb4b18, 0x19eb4c00, 0x1a1c5000)
 Metaspace       used 3441K, capacity 3526K, committed 3648K, reserved 4480K
}
Event: 2.166 GC heap before
{Heap before GC invocations=22 (full 1):
 def new generation   total 7680K, used 7679K [0x03c00000, 0x04450000, 0x19150000)
  eden space 6848K, 100% used [0x03c00000, 0x042b0000, 0x042b0000)
  from space 832K,  99% used [0x042b0000, 0x0437fff8, 0x04380000)
  to   space 832K,   0% used [0x04380000, 0x04380000, 0x04450000)
 tenured generation   total 16852K, used 13714K [0x19150000, 0x1a1c5000, 0x43c00000)
   the space 16852K,  81% used [0x19150000, 0x19eb4b18, 0x19eb4c00, 0x1a1c5000)
 Metaspace       used 3441K, capacity 3526K, committed 3648K, reserved 4480K
Event: 2.173 GC heap after
Heap after GC invocations=23 (full 1):
 def new generation   total 7680K, used 832K [0x03c00000, 0x04450000, 0x19150000)
  eden space 6848K,   0% used [0x03c00000, 0x03c00000, 0x042b0000)
  from space 832K, 100% used [0x04380000, 0x04450000, 0x04450000)
  to   space 832K,   0% used [0x042b0000, 0x042b0000, 0x04380000)
 tenured generation   total 16852K, used 14936K [0x19150000, 0x1a1c5000, 0x43c00000)
   the space 16852K,  88% used [0x19150000, 0x19fe6330, 0x19fe6400, 0x1a1c5000)
 Metaspace       used 3441K, capacity 3526K, committed 3648K, reserved 4480K
}
Event: 2.411 GC heap before
{Heap before GC invocations=23 (full 1):
 def new generation   total 7680K, used 7680K [0x03c00000, 0x04450000, 0x19150000)
  eden space 6848K, 100% used [0x03c00000, 0x042b0000, 0x042b0000)
  from space 832K, 100% used [0x04380000, 0x04450000, 0x04450000)
  to   space 832K,   0% used [0x042b0000, 0x042b0000, 0x04380000)
 tenured generation   total 16852K, used 14936K [0x19150000, 0x1a1c5000, 0x43c00000)
   the space 16852K,  88% used [0x19150000, 0x19fe6330, 0x19fe6400, 0x1a1c5000)
 Metaspace       used 3441K, capacity 3526K, committed 3648K, reserved 4480K
Event: 2.418 GC heap after
Heap after GC invocations=24 (full 1):
 def new generation   total 7680K, used 832K [0x03c00000, 0x04450000, 0x19150000)
  eden space 6848K,   0% used [0x03c00000, 0x03c00000, 0x042b0000)
  from space 832K, 100% used [0x042b0000, 0x04380000, 0x04380000)
  to   space 832K,   0% used [0x04380000, 0x04380000, 0x04450000)
 tenured generation   total 16852K, used 15938K [0x19150000, 0x1a1c5000, 0x43c00000)
   the space 16852K,  94% used [0x19150000, 0x1a0e08f8, 0x1a0e0a00, 0x1a1c5000)
 Metaspace       used 3441K, capacity 3526K, committed 3648K, reserved 4480K
}
Event: 2.599 GC heap before
{Heap before GC invocations=24 (full 1):
 def new generation   total 7680K, used 7680K [0x03c00000, 0x04450000, 0x19150000)
  eden space 6848K, 100% used [0x03c00000, 0x042b0000, 0x042b0000)
  from space 832K, 100% used [0x042b0000, 0x04380000, 0x04380000)
  to   space 832K,   0% used [0x04380000, 0x04380000, 0x04450000)
 tenured generation   total 16852K, used 15938K [0x19150000, 0x1a1c5000, 0x43c00000)
   the space 16852K,  94% used [0x19150000, 0x1a0e08f8, 0x1a0e0a00, 0x1a1c5000)
 Metaspace       used 3441K, capacity 3526K, committed 3648K, reserved 4480K

