# JRE version: Java(TM) SE Runtime Environment (8.0_111-b14) (build 1.8.0_111-b14)
# Java VM: Java HotSpot(TM) Client VM (25.111-b14 mixed mode windows-x86 )
Heap:
 def new generation   total 4928K, used 4928K [0x03c00000, 0x04150000, 0x19150000)
  eden space 4416K, 100% used [0x03c00000, 0x04050000, 0x04050000)
  from space 512K, 100% used [0x040d0000, 0x04150000, 0x04150000)
  to   space 512K, 100% used [0x04050000, 0x040d0000, 0x040d0000)
 tenured generation   total 38064K, used 28702K [0x19150000, 0x1b67c000, 0x43c00000)
   the space 38064K,  75% used [0x19150000, 0x1ad57a08, 0x1ad57c00, 0x1b67c000)
 Metaspace       used 3388K, capacity 3494K, committed 3520K, reserved 4480K
GC Heap History (3 events):
Event: 0.264 GC heap before
{Heap before GC invocations=0 (full 0):
 def new generation   total 4928K, used 4416K [0x03c00000, 0x04150000, 0x19150000)
  eden space 4416K, 100% used [0x03c00000, 0x04050000, 0x04050000)
  from space 512K,   0% used [0x04050000, 0x04050000, 0x040d0000)
  to   space 512K,   0% used [0x040d0000, 0x040d0000, 0x04150000)
 tenured generation   total 10944K, used 0K [0x19150000, 0x19c00000, 0x43c00000)
   the space 10944K,   0% used [0x19150000, 0x19150000, 0x19150200, 0x19c00000)
 Metaspace       used 2734K, capacity 2886K, committed 3008K, reserved 4480K
Event: 0.269 GC heap after
Heap after GC invocations=1 (full 0):
 def new generation   total 4928K, used 512K [0x03c00000, 0x04150000, 0x19150000)
  eden space 4416K,   0% used [0x03c00000, 0x03c00000, 0x04050000)
  from space 512K, 100% used [0x040d0000, 0x04150000, 0x04150000)
  to   space 512K,   0% used [0x04050000, 0x04050000, 0x040d0000)
 tenured generation   total 10944K, used 1056K [0x19150000, 0x19c00000, 0x43c00000)
   the space 10944K,   9% used [0x19150000, 0x19258240, 0x19258400, 0x19c00000)
 Metaspace       used 2734K, capacity 2886K, committed 3008K, reserved 4480K
}
Event: 0.433 GC heap before
{Heap before GC invocations=1 (full 0):
 def new generation   total 4928K, used 4928K [0x03c00000, 0x04150000, 0x19150000)
  eden space 4416K, 100% used [0x03c00000, 0x04050000, 0x04050000)
  from space 512K, 100% used [0x040d0000, 0x04150000, 0x04150000)
  to   space 512K,   0% used [0x04050000, 0x04050000, 0x040d0000)
 tenured generation   total 10944K, used 1056K [0x19150000, 0x19c00000, 0x43c00000)
   the space 10944K,   9% used [0x19150000, 0x19258240, 0x19258400, 0x19c00000)
 Metaspace       used 3388K, capacity 3494K, committed 3520K, reserved 4480K

