# JRE version: Java(TM) SE Runtime Environment (8.0_111-b14) (build 1.8.0_111-b14)
# Java VM: Java HotSpot(TM) Client VM (25.111-b14 mixed mode windows-x86 )
Heap:
 def new generation   total 7680K, used 832K [0x03a00000, 0x04250000, 0x18f50000)
  eden space 6848K,   0% used [0x03a00000, 0x03a00000, 0x040b0000)
  from space 832K, 100% used [0x040b0000, 0x04180000, 0x04180000)
  to   space 832K,   0% used [0x04180000, 0x04180000, 0x04250000)
 tenured generation   total 17800K, used 17676K [0x18f50000, 0x1a0b2000, 0x43a00000)
   the space 17800K,  99% used [0x18f50000, 0x1a093198, 0x1a093200, 0x1a0b2000)
 Metaspace       used 3443K, capacity 3526K, committed 3648K, reserved 4480K
GC Heap History (10 events):
Event: 1.580 GC heap after
Heap after GC invocations=20 (full 1):
 def new generation   total 7680K, used 831K [0x03a00000, 0x04250000, 0x18f50000)
  eden space 6848K,   0% used [0x03a00000, 0x03a00000, 0x040b0000)
  from space 832K,  99% used [0x04180000, 0x0424fff8, 0x04250000)
  to   space 832K,   0% used [0x040b0000, 0x040b0000, 0x04180000)
 tenured generation   total 16904K, used 12438K [0x18f50000, 0x19fd2000, 0x43a00000)
   the space 16904K,  73% used [0x18f50000, 0x19b75b68, 0x19b75c00, 0x19fd2000)
 Metaspace       used 3439K, capacity 3526K, committed 3648K, reserved 4480K
}
Event: 1.614 GC heap before
{Heap before GC invocations=20 (full 1):
 def new generation   total 7680K, used 7679K [0x03a00000, 0x04250000, 0x18f50000)
  eden space 6848K, 100% used [0x03a00000, 0x040b0000, 0x040b0000)
  from space 832K,  99% used [0x04180000, 0x0424fff8, 0x04250000)
  to   space 832K,   0% used [0x040b0000, 0x040b0000, 0x04180000)
 tenured generation   total 16904K, used 12438K [0x18f50000, 0x19fd2000, 0x43a00000)
   the space 16904K,  73% used [0x18f50000, 0x19b75b68, 0x19b75c00, 0x19fd2000)
 Metaspace       used 3439K, capacity 3526K, committed 3648K, reserved 4480K
Event: 1.621 GC heap after
Heap after GC invocations=21 (full 1):
 def new generation   total 7680K, used 832K [0x03a00000, 0x04250000, 0x18f50000)
  eden space 6848K,   0% used [0x03a00000, 0x03a00000, 0x040b0000)
  from space 832K, 100% used [0x040b0000, 0x04180000, 0x04180000)
  to   space 832K,   0% used [0x04180000, 0x04180000, 0x04250000)
 tenured generation   total 16904K, used 13746K [0x18f50000, 0x19fd2000, 0x43a00000)
   the space 16904K,  81% used [0x18f50000, 0x19cbc850, 0x19cbca00, 0x19fd2000)
 Metaspace       used 3439K, capacity 3526K, committed 3648K, reserved 4480K
}
Event: 1.667 GC heap before
{Heap before GC invocations=21 (full 1):
 def new generation   total 7680K, used 7680K [0x03a00000, 0x04250000, 0x18f50000)
  eden space 6848K, 100% used [0x03a00000, 0x040b0000, 0x040b0000)
  from space 832K, 100% used [0x040b0000, 0x04180000, 0x04180000)
  to   space 832K,   0% used [0x04180000, 0x04180000, 0x04250000)
 tenured generation   total 16904K, used 13746K [0x18f50000, 0x19fd2000, 0x43a00000)
   the space 16904K,  81% used [0x18f50000, 0x19cbc850, 0x19cbca00, 0x19fd2000)
 Metaspace       used 3439K, capacity 3526K, committed 3648K, reserved 4480K
Event: 1.672 GC heap after
Heap after GC invocations=22 (full 1):
 def new generation   total 7680K, used 831K [0x03a00000, 0x04250000, 0x18f50000)
  eden space 6848K,   0% used [0x03a00000, 0x03a00000, 0x040b0000)
  from space 832K,  99% used [0x04180000, 0x0424fff8, 0x04250000)
  to   space 832K,   0% used [0x040b0000, 0x040b0000, 0x04180000)
 tenured generation   total 16904K, used 14609K [0x18f50000, 0x19fd2000, 0x43a00000)
   the space 16904K,  86% used [0x18f50000, 0x19d946e0, 0x19d94800, 0x19fd2000)
 Metaspace       used 3439K, capacity 3526K, committed 3648K, reserved 4480K
}
Event: 1.708 GC heap before
{Heap before GC invocations=22 (full 1):
 def new generation   total 7680K, used 7679K [0x03a00000, 0x04250000, 0x18f50000)
  eden space 6848K, 100% used [0x03a00000, 0x040b0000, 0x040b0000)
  from space 832K,  99% used [0x04180000, 0x0424fff8, 0x04250000)
  to   space 832K,   0% used [0x040b0000, 0x040b0000, 0x04180000)
 tenured generation   total 16904K, used 14609K [0x18f50000, 0x19fd2000, 0x43a00000)
   the space 16904K,  86% used [0x18f50000, 0x19d946e0, 0x19d94800, 0x19fd2000)
 Metaspace       used 3443K, capacity 3526K, committed 3648K, reserved 4480K
Event: 1.714 GC heap after
Heap after GC invocations=23 (full 1):
 def new generation   total 7680K, used 832K [0x03a00000, 0x04250000, 0x18f50000)
  eden space 6848K,   0% used [0x03a00000, 0x03a00000, 0x040b0000)
  from space 832K, 100% used [0x040b0000, 0x04180000, 0x04180000)
  to   space 832K,   0% used [0x04180000, 0x04180000, 0x04250000)
 tenured generation   total 16904K, used 15856K [0x18f50000, 0x19fd2000, 0x43a00000)
   the space 16904K,  93% used [0x18f50000, 0x19ecc298, 0x19ecc400, 0x19fd2000)
 Metaspace       used 3443K, capacity 3526K, committed 3648K, reserved 4480K
}
Event: 1.750 GC heap before
{Heap before GC invocations=23 (full 1):
 def new generation   total 7680K, used 7680K [0x03a00000, 0x04250000, 0x18f50000)
  eden space 6848K, 100% used [0x03a00000, 0x040b0000, 0x040b0000)
  from space 832K, 100% used [0x040b0000, 0x04180000, 0x04180000)
  to   space 832K,   0% used [0x04180000, 0x04180000, 0x04250000)
 tenured generation   total 16904K, used 15856K [0x18f50000, 0x19fd2000, 0x43a00000)
   the space 16904K,  93% used [0x18f50000, 0x19ecc298, 0x19ecc400, 0x19fd2000)
 Metaspace       used 3443K, capacity 3526K, committed 3648K, reserved 4480K
Event: 1.756 GC heap after
Heap after GC invocations=24 (full 1):
 def new generation   total 7680K, used 832K [0x03a00000, 0x04250000, 0x18f50000)
  eden space 6848K,   0% used [0x03a00000, 0x03a00000, 0x040b0000)
  from space 832K, 100% used [0x04180000, 0x04250000, 0x04250000)
  to   space 832K,   0% used [0x040b0000, 0x040b0000, 0x04180000)
 tenured generation   total 16904K, used 16792K [0x18f50000, 0x19fd2000, 0x43a00000)
   the space 16904K,  99% used [0x18f50000, 0x19fb6268, 0x19fb6400, 0x19fd2000)
 Metaspace       used 3443K, capacity 3526K, committed 3648K, reserved 4480K
}
Event: 1.803 GC heap before
{Heap before GC invocations=24 (full 1):
 def new generation   total 7680K, used 7680K [0x03a00000, 0x04250000, 0x18f50000)
  eden space 6848K, 100% used [0x03a00000, 0x040b0000, 0x040b0000)
  from space 832K, 100% used [0x04180000, 0x04250000, 0x04250000)
  to   space 832K,   0% used [0x040b0000, 0x040b0000, 0x04180000)
 tenured generation   total 16904K, used 16792K [0x18f50000, 0x19fd2000, 0x43a00000)
   the space 16904K,  99% used [0x18f50000, 0x19fb6268, 0x19fb6400, 0x19fd2000)
 Metaspace       used 3443K, capacity 3526K, committed 3648K, reserved 4480K

