# JRE version: Java(TM) SE Runtime Environment (8.0_111-b14) (build 1.8.0_111-b14)
# Java VM: Java HotSpot(TM) Client VM (25.111-b14 mixed mode windows-x86 )
Heap:
 def new generation   total 4928K, used 512K [0x03e00000, 0x04350000, 0x19350000)
  eden space 4416K,   0% used [0x03e00000, 0x03e00000, 0x04250000)
  from space 512K, 100% used [0x042d0000, 0x04350000, 0x04350000)
  to   space 512K,   0% used [0x04250000, 0x04250000, 0x042d0000)
 tenured generation   total 11584K, used 11519K [0x19350000, 0x19ea0000, 0x43e00000)
   the space 11584K,  99% used [0x19350000, 0x19e8ff40, 0x19e90000, 0x19ea0000)
 Metaspace       used 3443K, capacity 3526K, committed 3648K, reserved 4480K
GC Heap History (10 events):
Event: 0.981 GC heap after
Heap after GC invocations=8 (full 0):
 def new generation   total 4928K, used 511K [0x03e00000, 0x04350000, 0x19350000)
  eden space 4416K,   0% used [0x03e00000, 0x03e00000, 0x04250000)
  from space 512K,  99% used [0x04250000, 0x042cfff8, 0x042d0000)
  to   space 512K,   0% used [0x042d0000, 0x042d0000, 0x04350000)
 tenured generation   total 10944K, used 6754K [0x19350000, 0x19e00000, 0x43e00000)
   the space 10944K,  61% used [0x19350000, 0x199e8bf8, 0x199e8c00, 0x19e00000)
 Metaspace       used 3441K, capacity 3526K, committed 3648K, reserved 4480K
}
Event: 0.998 GC heap before
{Heap before GC invocations=8 (full 0):
 def new generation   total 4928K, used 4927K [0x03e00000, 0x04350000, 0x19350000)
  eden space 4416K, 100% used [0x03e00000, 0x04250000, 0x04250000)
  from space 512K,  99% used [0x04250000, 0x042cfff8, 0x042d0000)
  to   space 512K,   0% used [0x042d0000, 0x042d0000, 0x04350000)
 tenured generation   total 10944K, used 6754K [0x19350000, 0x19e00000, 0x43e00000)
   the space 10944K,  61% used [0x19350000, 0x199e8bf8, 0x199e8c00, 0x19e00000)
 Metaspace       used 3442K, capacity 3526K, committed 3648K, reserved 4480K
Event: 1.004 GC heap after
Heap after GC invocations=9 (full 0):
 def new generation   total 4928K, used 511K [0x03e00000, 0x04350000, 0x19350000)
  eden space 4416K,   0% used [0x03e00000, 0x03e00000, 0x04250000)
  from space 512K,  99% used [0x042d0000, 0x0434fff8, 0x04350000)
  to   space 512K,   0% used [0x04250000, 0x04250000, 0x042d0000)
 tenured generation   total 10944K, used 7809K [0x19350000, 0x19e00000, 0x43e00000)
   the space 10944K,  71% used [0x19350000, 0x19af07b0, 0x19af0800, 0x19e00000)
 Metaspace       used 3442K, capacity 3526K, committed 3648K, reserved 4480K
}
Event: 1.019 GC heap before
{Heap before GC invocations=9 (full 0):
 def new generation   total 4928K, used 4927K [0x03e00000, 0x04350000, 0x19350000)
  eden space 4416K, 100% used [0x03e00000, 0x04250000, 0x04250000)
  from space 512K,  99% used [0x042d0000, 0x0434fff8, 0x04350000)
  to   space 512K,   0% used [0x04250000, 0x04250000, 0x042d0000)
 tenured generation   total 10944K, used 7809K [0x19350000, 0x19e00000, 0x43e00000)
   the space 10944K,  71% used [0x19350000, 0x19af07b0, 0x19af0800, 0x19e00000)
 Metaspace       used 3442K, capacity 3526K, committed 3648K, reserved 4480K
Event: 1.024 GC heap after
Heap after GC invocations=10 (full 0):
 def new generation   total 4928K, used 511K [0x03e00000, 0x04350000, 0x19350000)
  eden space 4416K,   0% used [0x03e00000, 0x03e00000, 0x04250000)
  from space 512K,  99% used [0x04250000, 0x042cfff8, 0x042d0000)
  to   space 512K,   0% used [0x042d0000, 0x042d0000, 0x04350000)
 tenured generation   total 10944K, used 8580K [0x19350000, 0x19e00000, 0x43e00000)
   the space 10944K,  78% used [0x19350000, 0x19bb12b0, 0x19bb1400, 0x19e00000)
 Metaspace       used 3442K, capacity 3526K, committed 3648K, reserved 4480K
}
Event: 1.041 GC heap before
{Heap before GC invocations=10 (full 0):
 def new generation   total 4928K, used 4927K [0x03e00000, 0x04350000, 0x19350000)
  eden space 4416K, 100% used [0x03e00000, 0x04250000, 0x04250000)
  from space 512K,  99% used [0x04250000, 0x042cfff8, 0x042d0000)
  to   space 512K,   0% used [0x042d0000, 0x042d0000, 0x04350000)
 tenured generation   total 10944K, used 8580K [0x19350000, 0x19e00000, 0x43e00000)
   the space 10944K,  78% used [0x19350000, 0x19bb12b0, 0x19bb1400, 0x19e00000)
 Metaspace       used 3442K, capacity 3526K, committed 3648K, reserved 4480K
Event: 1.045 GC heap after
Heap after GC invocations=11 (full 0):
 def new generation   total 4928K, used 511K [0x03e00000, 0x04350000, 0x19350000)
  eden space 4416K,   0% used [0x03e00000, 0x03e00000, 0x04250000)
  from space 512K,  99% used [0x042d0000, 0x0434fff8, 0x04350000)
  to   space 512K,   0% used [0x04250000, 0x04250000, 0x042d0000)
 tenured generation   total 10944K, used 9174K [0x19350000, 0x19e00000, 0x43e00000)
   the space 10944K,  83% used [0x19350000, 0x19c458b0, 0x19c45a00, 0x19e00000)
 Metaspace       used 3442K, capacity 3526K, committed 3648K, reserved 4480K
}
Event: 1.074 GC heap before
{Heap before GC invocations=11 (full 0):
 def new generation   total 4928K, used 4927K [0x03e00000, 0x04350000, 0x19350000)
  eden space 4416K, 100% used [0x03e00000, 0x04250000, 0x04250000)
  from space 512K,  99% used [0x042d0000, 0x0434fff8, 0x04350000)
  to   space 512K,   0% used [0x04250000, 0x04250000, 0x042d0000)
 tenured generation   total 10944K, used 9174K [0x19350000, 0x19e00000, 0x43e00000)
   the space 10944K,  83% used [0x19350000, 0x19c458b0, 0x19c45a00, 0x19e00000)
 Metaspace       used 3443K, capacity 3526K, committed 3648K, reserved 4480K
Event: 1.080 GC heap after
Heap after GC invocations=12 (full 0):
 def new generation   total 4928K, used 512K [0x03e00000, 0x04350000, 0x19350000)
  eden space 4416K,   0% used [0x03e00000, 0x03e00000, 0x04250000)
  from space 512K, 100% used [0x04250000, 0x042d0000, 0x042d0000)
  to   space 512K,   0% used [0x042d0000, 0x042d0000, 0x04350000)
 tenured generation   total 10944K, used 10306K [0x19350000, 0x19e00000, 0x43e00000)
   the space 10944K,  94% used [0x19350000, 0x19d60998, 0x19d60a00, 0x19e00000)
 Metaspace       used 3443K, capacity 3526K, committed 3648K, reserved 4480K
}
Event: 1.093 GC heap before
{Heap before GC invocations=12 (full 0):
 def new generation   total 4928K, used 4928K [0x03e00000, 0x04350000, 0x19350000)
  eden space 4416K, 100% used [0x03e00000, 0x04250000, 0x04250000)
  from space 512K, 100% used [0x04250000, 0x042d0000, 0x042d0000)
  to   space 512K,   0% used [0x042d0000, 0x042d0000, 0x04350000)
 tenured generation   total 10944K, used 10306K [0x19350000, 0x19e00000, 0x43e00000)
   the space 10944K,  94% used [0x19350000, 0x19d60998, 0x19d60a00, 0x19e00000)
 Metaspace       used 3443K, capacity 3526K, committed 3648K, reserved 4480K

