# JRE version: Java(TM) SE Runtime Environment (8.0_111-b14) (build 1.8.0_111-b14)
# Java VM: Java HotSpot(TM) Client VM (25.111-b14 mixed mode windows-x86 )
Heap:
 def new generation   total 4928K, used 4928K [0x03c00000, 0x04150000, 0x19150000)
  eden space 4416K, 100% used [0x03c00000, 0x04050000, 0x04050000)
  from space 512K, 100% used [0x040d0000, 0x04150000, 0x04150000)
  to   space 512K, 100% used [0x04050000, 0x040d0000, 0x040d0000)
 tenured generation   total 10944K, used 4774K [0x19150000, 0x19c00000, 0x43c00000)
   the space 10944K,  43% used [0x19150000, 0x195f9b48, 0x195f9c00, 0x19c00000)
 Metaspace       used 3421K, capacity 3526K, committed 3648K, reserved 4480K
GC Heap History (10 events):
Event: 0.327 GC heap after
Heap after GC invocations=1 (full 0):
 def new generation   total 4928K, used 512K [0x03c00000, 0x04150000, 0x19150000)
  eden space 4416K,   0% used [0x03c00000, 0x03c00000, 0x04050000)
  from space 512K, 100% used [0x040d0000, 0x04150000, 0x04150000)
  to   space 512K,   0% used [0x04050000, 0x04050000, 0x040d0000)
 tenured generation   total 10944K, used 325K [0x19150000, 0x19c00000, 0x43c00000)
   the space 10944K,   2% used [0x19150000, 0x191a1480, 0x191a1600, 0x19c00000)
 Metaspace       used 2325K, capacity 2502K, committed 2624K, reserved 4480K
}
Event: 0.427 GC heap before
{Heap before GC invocations=1 (full 0):
 def new generation   total 4928K, used 4928K [0x03c00000, 0x04150000, 0x19150000)
  eden space 4416K, 100% used [0x03c00000, 0x04050000, 0x04050000)
  from space 512K, 100% used [0x040d0000, 0x04150000, 0x04150000)
  to   space 512K,   0% used [0x04050000, 0x04050000, 0x040d0000)
 tenured generation   total 10944K, used 325K [0x19150000, 0x19c00000, 0x43c00000)
   the space 10944K,   2% used [0x19150000, 0x191a1480, 0x191a1600, 0x19c00000)
 Metaspace       used 3108K, capacity 3238K, committed 3264K, reserved 4480K
Event: 0.431 GC heap after
Heap after GC invocations=2 (full 0):
 def new generation   total 4928K, used 512K [0x03c00000, 0x04150000, 0x19150000)
  eden space 4416K,   0% used [0x03c00000, 0x03c00000, 0x04050000)
  from space 512K, 100% used [0x04050000, 0x040d0000, 0x040d0000)
  to   space 512K,   0% used [0x040d0000, 0x040d0000, 0x04150000)
 tenured generation   total 10944K, used 1796K [0x19150000, 0x19c00000, 0x43c00000)
   the space 10944K,  16% used [0x19150000, 0x19311158, 0x19311200, 0x19c00000)
 Metaspace       used 3108K, capacity 3238K, committed 3264K, reserved 4480K
}
Event: 0.615 GC heap before
{Heap before GC invocations=2 (full 0):
 def new generation   total 4928K, used 4928K [0x03c00000, 0x04150000, 0x19150000)
  eden space 4416K, 100% used [0x03c00000, 0x04050000, 0x04050000)
  from space 512K, 100% used [0x04050000, 0x040d0000, 0x040d0000)
  to   space 512K,   0% used [0x040d0000, 0x040d0000, 0x04150000)
 tenured generation   total 10944K, used 1796K [0x19150000, 0x19c00000, 0x43c00000)
   the space 10944K,  16% used [0x19150000, 0x19311158, 0x19311200, 0x19c00000)
 Metaspace       used 3389K, capacity 3494K, committed 3520K, reserved 4480K
Event: 0.620 GC heap after
Heap after GC invocations=3 (full 0):
 def new generation   total 4928K, used 512K [0x03c00000, 0x04150000, 0x19150000)
  eden space 4416K,   0% used [0x03c00000, 0x03c00000, 0x04050000)
  from space 512K, 100% used [0x040d0000, 0x04150000, 0x04150000)
  to   space 512K,   0% used [0x04050000, 0x04050000, 0x040d0000)
 tenured generation   total 10944K, used 3031K [0x19150000, 0x19c00000, 0x43c00000)
   the space 10944K,  27% used [0x19150000, 0x19445fc0, 0x19446000, 0x19c00000)
 Metaspace       used 3389K, capacity 3494K, committed 3520K, reserved 4480K
}
Event: 0.835 GC heap before
{Heap before GC invocations=3 (full 0):
 def new generation   total 4928K, used 4928K [0x03c00000, 0x04150000, 0x19150000)
  eden space 4416K, 100% used [0x03c00000, 0x04050000, 0x04050000)
  from space 512K, 100% used [0x040d0000, 0x04150000, 0x04150000)
  to   space 512K,   0% used [0x04050000, 0x04050000, 0x040d0000)
 tenured generation   total 10944K, used 3031K [0x19150000, 0x19c00000, 0x43c00000)
   the space 10944K,  27% used [0x19150000, 0x19445fc0, 0x19446000, 0x19c00000)
 Metaspace       used 3411K, capacity 3494K, committed 3520K, reserved 4480K
Event: 0.841 GC heap after
Heap after GC invocations=4 (full 0):
 def new generation   total 4928K, used 512K [0x03c00000, 0x04150000, 0x19150000)
  eden space 4416K,   0% used [0x03c00000, 0x03c00000, 0x04050000)
  from space 512K, 100% used [0x04050000, 0x040d0000, 0x040d0000)
  to   space 512K,   0% used [0x040d0000, 0x040d0000, 0x04150000)
 tenured generation   total 10944K, used 4028K [0x19150000, 0x19c00000, 0x43c00000)
   the space 10944K,  36% used [0x19150000, 0x1953f150, 0x1953f200, 0x19c00000)
 Metaspace       used 3411K, capacity 3494K, committed 3520K, reserved 4480K
}
Event: 1.079 GC heap before
{Heap before GC invocations=4 (full 0):
 def new generation   total 4928K, used 4928K [0x03c00000, 0x04150000, 0x19150000)
  eden space 4416K, 100% used [0x03c00000, 0x04050000, 0x04050000)
  from space 512K, 100% used [0x04050000, 0x040d0000, 0x040d0000)
  to   space 512K,   0% used [0x040d0000, 0x040d0000, 0x04150000)
 tenured generation   total 10944K, used 4028K [0x19150000, 0x19c00000, 0x43c00000)
   the space 10944K,  36% used [0x19150000, 0x1953f150, 0x1953f200, 0x19c00000)
 Metaspace       used 3416K, capacity 3526K, committed 3648K, reserved 4480K
Event: 1.083 GC heap after
Heap after GC invocations=5 (full 0):
 def new generation   total 4928K, used 512K [0x03c00000, 0x04150000, 0x19150000)
  eden space 4416K,   0% used [0x03c00000, 0x03c00000, 0x04050000)
  from space 512K, 100% used [0x040d0000, 0x04150000, 0x04150000)
  to   space 512K,   0% used [0x04050000, 0x04050000, 0x040d0000)
 tenured generation   total 10944K, used 4535K [0x19150000, 0x19c00000, 0x43c00000)
   the space 10944K,  41% used [0x19150000, 0x195bdfe8, 0x195be000, 0x19c00000)
 Metaspace       used 3416K, capacity 3526K, committed 3648K, reserved 4480K
}
Event: 1.164 GC heap before
{Heap before GC invocations=5 (full 0):
 def new generation   total 4928K, used 4928K [0x03c00000, 0x04150000, 0x19150000)
  eden space 4416K, 100% used [0x03c00000, 0x04050000, 0x04050000)
  from space 512K, 100% used [0x040d0000, 0x04150000, 0x04150000)
  to   space 512K,   0% used [0x04050000, 0x04050000, 0x040d0000)
 tenured generation   total 10944K, used 4535K [0x19150000, 0x19c00000, 0x43c00000)
   the space 10944K,  41% used [0x19150000, 0x195bdfe8, 0x195be000, 0x19c00000)
 Metaspace       used 3421K, capacity 3526K, committed 3648K, reserved 4480K

