# JRE version: Java(TM) SE Runtime Environment (8.0_111-b14) (build 1.8.0_111-b14)
# Java VM: Java HotSpot(TM) Client VM (25.111-b14 mixed mode windows-x86 )
Heap:
 def new generation   total 13696K, used 13592K [0x03c00000, 0x04ad0000, 0x19150000)
  eden space 12224K, 100% used [0x03c00000, 0x047f0000, 0x047f0000)
  from space 1472K,  92% used [0x04960000, 0x04ab63b0, 0x04ad0000)
  to   space 1472K, 100% used [0x047f0000, 0x04960000, 0x04960000)
 tenured generation   total 699072K, used 26600K [0x19150000, 0x43c00000, 0x43c00000)
   the space 699072K,   3% used [0x19150000, 0x1ab4a168, 0x1ab4a200, 0x43c00000)
 Metaspace       used 3515K, capacity 3526K, committed 3648K, reserved 4480K
GC Heap History (10 events):
Event: 2.184 GC heap after
Heap after GC invocations=26 (full 2):
 def new generation   total 13696K, used 1472K [0x03c00000, 0x04ad0000, 0x19150000)
  eden space 12224K,   0% used [0x03c00000, 0x03c00000, 0x047f0000)
  from space 1472K, 100% used [0x04960000, 0x04ad0000, 0x04ad0000)
  to   space 1472K,   0% used [0x047f0000, 0x047f0000, 0x04960000)
 tenured generation   total 30288K, used 19091K [0x19150000, 0x1aee4000, 0x43c00000)
   the space 30288K,  63% used [0x19150000, 0x1a3f4d90, 0x1a3f4e00, 0x1aee4000)
 Metaspace       used 3461K, capacity 3526K, committed 3648K, reserved 4480K
}
Event: 2.334 GC heap before
{Heap before GC invocations=26 (full 2):
 def new generation   total 13696K, used 13696K [0x03c00000, 0x04ad0000, 0x19150000)
  eden space 12224K, 100% used [0x03c00000, 0x047f0000, 0x047f0000)
  from space 1472K, 100% used [0x04960000, 0x04ad0000, 0x04ad0000)
  to   space 1472K,   0% used [0x047f0000, 0x047f0000, 0x04960000)
 tenured generation   total 30288K, used 19091K [0x19150000, 0x1aee4000, 0x43c00000)
   the space 30288K,  63% used [0x19150000, 0x1a3f4d90, 0x1a3f4e00, 0x1aee4000)
 Metaspace       used 3461K, capacity 3526K, committed 3648K, reserved 4480K
Event: 2.347 GC heap after
Heap after GC invocations=27 (full 2):
 def new generation   total 13696K, used 1471K [0x03c00000, 0x04ad0000, 0x19150000)
  eden space 12224K,   0% used [0x03c00000, 0x03c00000, 0x047f0000)
  from space 1472K,  99% used [0x047f0000, 0x0495fff8, 0x04960000)
  to   space 1472K,   0% used [0x04960000, 0x04960000, 0x04ad0000)
 tenured generation   total 30288K, used 21295K [0x19150000, 0x1aee4000, 0x43c00000)
   the space 30288K,  70% used [0x19150000, 0x1a61bf48, 0x1a61c000, 0x1aee4000)
 Metaspace       used 3461K, capacity 3526K, committed 3648K, reserved 4480K
}
Event: 2.378 GC heap before
{Heap before GC invocations=27 (full 2):
 def new generation   total 13696K, used 13695K [0x03c00000, 0x04ad0000, 0x19150000)
  eden space 12224K, 100% used [0x03c00000, 0x047f0000, 0x047f0000)
  from space 1472K,  99% used [0x047f0000, 0x0495fff8, 0x04960000)
  to   space 1472K,   0% used [0x04960000, 0x04960000, 0x04ad0000)
 tenured generation   total 30288K, used 21295K [0x19150000, 0x1aee4000, 0x43c00000)
   the space 30288K,  70% used [0x19150000, 0x1a61bf48, 0x1a61c000, 0x1aee4000)
 Metaspace       used 3461K, capacity 3526K, committed 3648K, reserved 4480K
Event: 2.387 GC heap after
Heap after GC invocations=28 (full 2):
 def new generation   total 13696K, used 1472K [0x03c00000, 0x04ad0000, 0x19150000)
  eden space 12224K,   0% used [0x03c00000, 0x03c00000, 0x047f0000)
  from space 1472K, 100% used [0x04960000, 0x04ad0000, 0x04ad0000)
  to   space 1472K,   0% used [0x047f0000, 0x047f0000, 0x04960000)
 tenured generation   total 30288K, used 22629K [0x19150000, 0x1aee4000, 0x43c00000)
   the space 30288K,  74% used [0x19150000, 0x1a7695e0, 0x1a769600, 0x1aee4000)
 Metaspace       used 3461K, capacity 3526K, committed 3648K, reserved 4480K
}
Event: 2.606 GC heap before
{Heap before GC invocations=28 (full 2):
 def new generation   total 13696K, used 13696K [0x03c00000, 0x04ad0000, 0x19150000)
  eden space 12224K, 100% used [0x03c00000, 0x047f0000, 0x047f0000)
  from space 1472K, 100% used [0x04960000, 0x04ad0000, 0x04ad0000)
  to   space 1472K,   0% used [0x047f0000, 0x047f0000, 0x04960000)
 tenured generation   total 30288K, used 22629K [0x19150000, 0x1aee4000, 0x43c00000)
   the space 30288K,  74% used [0x19150000, 0x1a7695e0, 0x1a769600, 0x1aee4000)
 Metaspace       used 3515K, capacity 3526K, committed 3648K, reserved 4480K
Event: 2.615 GC heap after
Heap after GC invocations=29 (full 2):
 def new generation   total 13696K, used 1472K [0x03c00000, 0x04ad0000, 0x19150000)
  eden space 12224K,   0% used [0x03c00000, 0x03c00000, 0x047f0000)
  from space 1472K, 100% used [0x047f0000, 0x04960000, 0x04960000)
  to   space 1472K,   0% used [0x04960000, 0x04960000, 0x04ad0000)
 tenured generation   total 30288K, used 23916K [0x19150000, 0x1aee4000, 0x43c00000)
   the space 30288K,  78% used [0x19150000, 0x1a8ab100, 0x1a8ab200, 0x1aee4000)
 Metaspace       used 3515K, capacity 3526K, committed 3648K, reserved 4480K
}
Event: 2.669 GC heap before
{Heap before GC invocations=29 (full 2):
 def new generation   total 13696K, used 13694K [0x03c00000, 0x04ad0000, 0x19150000)
  eden space 12224K,  99% used [0x03c00000, 0x047ef9a0, 0x047f0000)
  from space 1472K, 100% used [0x047f0000, 0x04960000, 0x04960000)
  to   space 1472K,   0% used [0x04960000, 0x04960000, 0x04ad0000)
 tenured generation   total 30288K, used 23916K [0x19150000, 0x1aee4000, 0x43c00000)
   the space 30288K,  78% used [0x19150000, 0x1a8ab100, 0x1a8ab200, 0x1aee4000)
 Metaspace       used 3515K, capacity 3526K, committed 3648K, reserved 4480K
Event: 2.677 GC heap after
Heap after GC invocations=30 (full 2):
 def new generation   total 13696K, used 1368K [0x03c00000, 0x04ad0000, 0x19150000)
  eden space 12224K,   0% used [0x03c00000, 0x03c00000, 0x047f0000)
  from space 1472K,  92% used [0x04960000, 0x04ab63b0, 0x04ad0000)
  to   space 1472K,   0% used [0x047f0000, 0x047f0000, 0x04960000)
 tenured generation   total 30288K, used 25328K [0x19150000, 0x1aee4000, 0x43c00000)
   the space 30288K,  83% used [0x19150000, 0x1aa0c2e8, 0x1aa0c400, 0x1aee4000)
 Metaspace       used 3515K, capacity 3526K, committed 3648K, reserved 4480K
}
Event: 2.744 GC heap before
{Heap before GC invocations=30 (full 2):
 def new generation   total 13696K, used 13592K [0x03c00000, 0x04ad0000, 0x19150000)
  eden space 12224K, 100% used [0x03c00000, 0x047f0000, 0x047f0000)
  from space 1472K,  92% used [0x04960000, 0x04ab63b0, 0x04ad0000)
  to   space 1472K,   0% used [0x047f0000, 0x047f0000, 0x04960000)
 tenured generation   total 30288K, used 25328K [0x19150000, 0x1aee4000, 0x43c00000)
   the space 30288K,  83% used [0x19150000, 0x1aa0c2e8, 0x1aa0c400, 0x1aee4000)
 Metaspace       used 3515K, capacity 3526K, committed 3648K, reserved 4480K

