# JRE version: Java(TM) SE Runtime Environment (8.0_111-b14) (build 1.8.0_111-b14)
# Java VM: Java HotSpot(TM) Client VM (25.111-b14 mixed mode windows-x86 )
Heap:
 def new generation   total 14656K, used 14656K [0x03e00000, 0x04de0000, 0x19350000)
  eden space 13056K, 100% used [0x03e00000, 0x04ac0000, 0x04ac0000)
  from space 1600K, 100% used [0x04ac0000, 0x04c50000, 0x04c50000)
  to   space 1600K, 100% used [0x04c50000, 0x04de0000, 0x04de0000)
 tenured generation   total 32388K, used 32026K [0x19350000, 0x1b2f1000, 0x43e00000)
   the space 32388K,  98% used [0x19350000, 0x1b296958, 0x1b296a00, 0x1b2f1000)
 Metaspace       used 3441K, capacity 3526K, committed 3648K, reserved 4480K
GC Heap History (10 events):
Event: 1.003 GC heap after
Heap after GC invocations=12 (full 1):
 def new generation   total 9216K, used 511K [0x03e00000, 0x04800000, 0x19350000)
  eden space 8192K,   6% used [0x03e00000, 0x03e7fd28, 0x04600000)
  from space 1024K,   0% used [0x04600000, 0x04600000, 0x04700000)
  to   space 1024K,   0% used [0x04700000, 0x04700000, 0x04800000)
 tenured generation   total 20372K, used 12222K [0x19350000, 0x1a735000, 0x43e00000)
   the space 20372K,  59% used [0x19350000, 0x19f3f968, 0x19f3fa00, 0x1a735000)
 Metaspace       used 3441K, capacity 3526K, committed 3648K, reserved 4480K
}
Event: 1.048 GC heap before
{Heap before GC invocations=12 (full 1):
 def new generation   total 9216K, used 8192K [0x03e00000, 0x04800000, 0x19350000)
  eden space 8192K, 100% used [0x03e00000, 0x04600000, 0x04600000)
  from space 1024K,   0% used [0x04600000, 0x04600000, 0x04700000)
  to   space 1024K,   0% used [0x04700000, 0x04700000, 0x04800000)
 tenured generation   total 20372K, used 12222K [0x19350000, 0x1a735000, 0x43e00000)
   the space 20372K,  59% used [0x19350000, 0x19f3f968, 0x19f3fa00, 0x1a735000)
 Metaspace       used 3441K, capacity 3526K, committed 3648K, reserved 4480K
Event: 1.073 GC heap after
Heap after GC invocations=13 (full 1):
 def new generation   total 9216K, used 1023K [0x03e00000, 0x04800000, 0x19350000)
  eden space 8192K,   0% used [0x03e00000, 0x03e00000, 0x04600000)
  from space 1024K,  99% used [0x04700000, 0x047ffff8, 0x04800000)
  to   space 1024K,   0% used [0x04600000, 0x04600000, 0x04700000)
 tenured generation   total 20372K, used 16092K [0x19350000, 0x1a735000, 0x43e00000)
   the space 20372K,  78% used [0x19350000, 0x1a3071c8, 0x1a307200, 0x1a735000)
 Metaspace       used 3441K, capacity 3526K, committed 3648K, reserved 4480K
}
Event: 1.096 GC heap before
{Heap before GC invocations=13 (full 1):
 def new generation   total 9216K, used 9215K [0x03e00000, 0x04800000, 0x19350000)
  eden space 8192K, 100% used [0x03e00000, 0x04600000, 0x04600000)
  from space 1024K,  99% used [0x04700000, 0x047ffff8, 0x04800000)
  to   space 1024K,   0% used [0x04600000, 0x04600000, 0x04700000)
 tenured generation   total 20372K, used 16092K [0x19350000, 0x1a735000, 0x43e00000)
   the space 20372K,  78% used [0x19350000, 0x1a3071c8, 0x1a307200, 0x1a735000)
 Metaspace       used 3441K, capacity 3526K, committed 3648K, reserved 4480K
Event: 1.175 GC heap after
Heap after GC invocations=14 (full 2):
 def new generation   total 14656K, used 0K [0x03e00000, 0x04de0000, 0x19350000)
  eden space 13056K,   0% used [0x03e00000, 0x03e00000, 0x04ac0000)
  from space 1600K,   0% used [0x04ac0000, 0x04ac0000, 0x04c50000)
  to   space 1600K,   0% used [0x04c50000, 0x04c50000, 0x04de0000)
 tenured generation   total 32388K, used 19431K [0x19350000, 0x1b2f1000, 0x43e00000)
   the space 32388K,  59% used [0x19350000, 0x1a649fa8, 0x1a64a000, 0x1b2f1000)
 Metaspace       used 3441K, capacity 3526K, committed 3648K, reserved 4480K
}
Event: 1.204 GC heap before
{Heap before GC invocations=14 (full 2):
 def new generation   total 14656K, used 13056K [0x03e00000, 0x04de0000, 0x19350000)
  eden space 13056K, 100% used [0x03e00000, 0x04ac0000, 0x04ac0000)
  from space 1600K,   0% used [0x04ac0000, 0x04ac0000, 0x04c50000)
  to   space 1600K,   0% used [0x04c50000, 0x04c50000, 0x04de0000)
 tenured generation   total 32388K, used 19431K [0x19350000, 0x1b2f1000, 0x43e00000)
   the space 32388K,  59% used [0x19350000, 0x1a649fa8, 0x1a64a000, 0x1b2f1000)
 Metaspace       used 3441K, capacity 3526K, committed 3648K, reserved 4480K
Event: 1.219 GC heap after
Heap after GC invocations=15 (full 2):
 def new generation   total 14656K, used 1599K [0x03e00000, 0x04de0000, 0x19350000)
  eden space 13056K,   0% used [0x03e00000, 0x03e00000, 0x04ac0000)
  from space 1600K,  99% used [0x04c50000, 0x04ddfff8, 0x04de0000)
  to   space 1600K,   0% used [0x04ac0000, 0x04ac0000, 0x04c50000)
 tenured generation   total 32388K, used 23435K [0x19350000, 0x1b2f1000, 0x43e00000)
   the space 32388K,  72% used [0x19350000, 0x1aa32db0, 0x1aa32e00, 0x1b2f1000)
 Metaspace       used 3441K, capacity 3526K, committed 3648K, reserved 4480K
}
Event: 1.275 GC heap before
{Heap before GC invocations=15 (full 2):
 def new generation   total 14656K, used 14655K [0x03e00000, 0x04de0000, 0x19350000)
  eden space 13056K, 100% used [0x03e00000, 0x04ac0000, 0x04ac0000)
  from space 1600K,  99% used [0x04c50000, 0x04ddfff8, 0x04de0000)
  to   space 1600K,   0% used [0x04ac0000, 0x04ac0000, 0x04c50000)
 tenured generation   total 32388K, used 23435K [0x19350000, 0x1b2f1000, 0x43e00000)
   the space 32388K,  72% used [0x19350000, 0x1aa32db0, 0x1aa32e00, 0x1b2f1000)
 Metaspace       used 3441K, capacity 3526K, committed 3648K, reserved 4480K
Event: 1.301 GC heap after
Heap after GC invocations=16 (full 2):
 def new generation   total 14656K, used 1600K [0x03e00000, 0x04de0000, 0x19350000)
  eden space 13056K,   0% used [0x03e00000, 0x03e00000, 0x04ac0000)
  from space 1600K, 100% used [0x04ac0000, 0x04c50000, 0x04c50000)
  to   space 1600K,   0% used [0x04c50000, 0x04c50000, 0x04de0000)
 tenured generation   total 32388K, used 26427K [0x19350000, 0x1b2f1000, 0x43e00000)
   the space 32388K,  81% used [0x19350000, 0x1ad1ef78, 0x1ad1f000, 0x1b2f1000)
 Metaspace       used 3441K, capacity 3526K, committed 3648K, reserved 4480K
}
Event: 1.331 GC heap before
{Heap before GC invocations=16 (full 2):
 def new generation   total 14656K, used 14656K [0x03e00000, 0x04de0000, 0x19350000)
  eden space 13056K, 100% used [0x03e00000, 0x04ac0000, 0x04ac0000)
  from space 1600K, 100% used [0x04ac0000, 0x04c50000, 0x04c50000)
  to   space 1600K,   0% used [0x04c50000, 0x04c50000, 0x04de0000)
 tenured generation   total 32388K, used 26427K [0x19350000, 0x1b2f1000, 0x43e00000)
   the space 32388K,  81% used [0x19350000, 0x1ad1ef78, 0x1ad1f000, 0x1b2f1000)
 Metaspace       used 3441K, capacity 3526K, committed 3648K, reserved 4480K

